Note from renoir
Now it needs multiple keypresses to exit?

8/18/23 9:31 PM	swtui.19050	[swtui::app::start] swtui is now outputting logs
8/18/23 9:31 PM	swtui.19050	[swtui::app::start] initialized swtui::ui::Ui
8/18/23 9:31 PM	swtui.19050	[swtui::app::start] initialized ncurses colors
8/18/23 9:31 PM	swtui.19050	[swtui::app::start] hiding cursor
8/18/23 9:31 PM	swtui.19050	[swtui::keypress::keypress_detector]
8/18/23 9:31 PM	swtui.19050	[swtui::app::start] spawned keypress_detector
8/18/23 9:31 PM	swtui.19050	[swtui::app::start] first time resetting ui
8/18/23 9:31 PM	swtui.19050	[swtui::keypress::looping_keypress_detector]
8/18/23 9:31 PM	swtui.19050	[swtui::keypress::looping_keypress_detector] next iter
8/18/23 9:31 PM	swtui.19050	[swtui::keypress::inner_keypress_detector] entry
8/18/23 9:31 PM	swtui.19050	[swtui::keypress::inner_keypress_detector] waiting .getch()
8/18/23 9:31 PM	swtui.19050	[swtui::app::start] awaiting a keypress to exit
8/18/23 9:31 PM	swtui.19050	[swtui::keypress::inner_keypress_detector] keypress: Some(Character('s'))
8/18/23 9:31 PM	swtui.19050	[swtui::keypress::looping_keypress_detector] transmitted Some
8/18/23 9:31 PM	swtui.19050	[swtui::keypress::looping_keypress_detector] next iter
8/18/23 9:31 PM	swtui.19050	[swtui::keypress::inner_keypress_detector] entry
8/18/23 9:31 PM	swtui.19050	[swtui::keypress::inner_keypress_detector] waiting .getch()
8/18/23 9:31 PM	swtui.19050	[swtui::app::start] keypress received
8/18/23 9:31 PM	swtui.19050	[swtui::keypress::inner_keypress_detector] keypress: Some(Character('a'))
8/18/23 9:31 PM	swtui.19050	[swtui::keypress::looping_keypress_detector] transmitted Some
8/18/23 9:31 PM	swtui.19050	[swtui::keypress::looping_keypress_detector] next iter
8/18/23 9:31 PM	swtui.19050	[swtui::keypress::looping_keypress_detector] stop received
8/18/23 9:31 PM	swtui.19050	[swtui::keypress::looping_keypress_detector] exiting
8/18/23 9:31 PM	swtui.19050	[swtui::app::start] keypress handle aborted
8/18/23 9:31 PM	swtui.19050	die
