8/19/23 11:16 AM	swtui.4852	[swtui::app::start] swtui is now outputting logs
8/19/23 11:16 AM	swtui.4852	[swtui::app::start] initialized swtui::ui::Ui
8/19/23 11:16 AM	swtui.4852	[swtui::app::start] initialized ncurses colors
8/19/23 11:16 AM	swtui.4852	[swtui::app::start] hiding cursor
8/19/23 11:16 AM	swtui.4852	[swtui::keypress::keypress_detector]
8/19/23 11:16 AM	swtui.4852	[swtui::app::start] spawned keypress_detector
8/19/23 11:16 AM	swtui.4852	[swtui::app::start] first time resetting ui
8/19/23 11:16 AM	swtui.4852	[swtui::keypress::looping_keypress_detector]
8/19/23 11:16 AM	swtui.4852	[swtui::keypress::looping_keypress_detector] next iter
8/19/23 11:16 AM	swtui.4852	[swtui::keypress::inner_keypress_detector] entry
8/19/23 11:16 AM	swtui.4852	[swtui::keypress::inner_keypress_detector] waiting .getch()
8/19/23 11:16 AM	swtui.4852	[swtui::app::start] awaiting a keypress to exit
8/19/23 11:16 AM	swtui.4852	[swtui::keypress::inner_keypress_detector] keypress: Some(Character('e'))
8/19/23 11:16 AM	swtui.4852	[swtui::keypress::looping_keypress_director] please Some(Character('e'))
8/19/23 11:16 AM	swtui.4852	[swtui::keypress::looping_keypress_detector] transmitted Some
8/19/23 11:16 AM	swtui.4852	[swtui::keypress::looping_keypress_detector] next iter
8/19/23 11:16 AM	swtui.4852	[swtui::keypress::inner_keypress_detector] entry
8/19/23 11:16 AM	swtui.4852	[swtui::app::start] keypress received
8/19/23 11:16 AM	swtui.4852	[swtui::keypress::inner_keypress_detector] waiting .getch()
8/19/23 11:16 AM	swtui.4852	[swtui::keypress::inner_keypress_detector] keypress: Some(Character('e'))
8/19/23 11:16 AM	swtui.4852	[swtui::keypress::looping_keypress_director] please Some(Character('e'))
8/19/23 11:16 AM	swtui.4852	[swtui::keypress::looping_keypress_detector] transmitted Some
8/19/23 11:16 AM	swtui.4852	[swtui::keypress::looping_keypress_detector] next iter
8/19/23 11:16 AM	swtui.4852	[swtui::keypress::inner_keypress_detector] entry
8/19/23 11:16 AM	swtui.4852	[swtui::keypress::inner_keypress_detector] waiting .getch()
8/19/23 11:16 AM	swtui.4852	[swtui::keypress::inner_keypress_detector] keypress: Some(Character('e'))
8/19/23 11:16 AM	swtui.4852	[swtui::keypress::looping_keypress_director] please Some(Character('e'))
8/19/23 11:16 AM	swtui.4852	[swtui::keypress::looping_keypress_detector] transmitted Some
8/19/23 11:16 AM	swtui.4852	[swtui::keypress::looping_keypress_detector] next iter
8/19/23 11:16 AM	swtui.4852	[swtui::keypress::inner_keypress_detector] entry
8/19/23 11:16 AM	swtui.4852	[swtui::keypress::inner_keypress_detector] waiting .getch()
8/19/23 11:16 AM	swtui.4852	[swtui::keypress::inner_keypress_detector] keypress: Some(Character('e'))
8/19/23 11:16 AM	swtui.4852	[swtui::keypress::looping_keypress_director] please Some(Character('e'))
8/19/23 11:16 AM	swtui.4852	[swtui::keypress::looping_keypress_detector] transmitted Some
8/19/23 11:16 AM	swtui.4852	[swtui::keypress::looping_keypress_detector] next iter
8/19/23 11:16 AM	swtui.4852	[swtui::keypress::looping_keypress_detector] stop received
8/19/23 11:16 AM	swtui.4852	[swtui::keypress::looping_keypress_detector] exiting
8/19/23 11:16 AM	swtui.4852	[swtui::app::start] keypress handle aborted
8/19/23 11:16 AM	swtui.4852	die
